-------------------------------------------------------------------------------
Test set: manager.GreetManagerTest
-------------------------------------------------------------------------------
Tests run: 1, Failures: 1, Errors: 0, Skipped: 0, Time elapsed: 0.488 s <<< FAILURE! - in manager.GreetManagerTest
getDatabaseConnection  Time elapsed: 0.477 s  <<< FAILURE!
org.opentest4j.AssertionFailedError: expected: <Hello, Victor> but was: <null>
	at manager.GreetManagerTest.getDatabaseConnection(GreetManagerTest.java:37)

