-------------------------------------------------------------------------------
Test set: manager.GreetManagerTest
-------------------------------------------------------------------------------
Tests run: 1, Failures: 1, Errors: 0, Skipped: 0, Time elapsed: 0.586 s <<< FAILURE! - in manager.GreetManagerTest
getDatabaseConnection  Time elapsed: 0.576 s  <<< FAILURE!
org.opentest4j.AssertionFailedError: expected: <null> but was: <Hello, Victor>
	at manager.GreetManagerTest.getDatabaseConnection(GreetManagerTest.java:37)

