<?xml version="1.0" encoding="UTF-8"?>
<testsuite xmlns:xsi="http://www.w3.org/2001/XMLSchema-instance" xsi:noNamespaceSchemaLocation="https://maven.apache.org/surefire/maven-surefire-plugin/xsd/surefire-test-report.xsd" name="manager.GreetManagerTest" time="0.254" tests="2" errors="0" skipped="0" failures="0">
  <properties>
[...]
</properties>
  <testcase name="greetingLanguageTest" classname="manager.GreetManagerTest" time="0.234"/>
  <testcase name="greetingCounterTest" classname="manager.GreetManagerTest" time="0.014"/>
</testsuite>